# JRE version: OpenJDK Runtime Environment (8.0_202-b03) (build 1.8.0_202-release-1483-b03)
# Java VM: OpenJDK 64-Bit Server VM (25.202-b03 mixed mode windows-amd64 compressed oops)
Heap:
 PSYoungGen      total 105984K, used 105975K [0x00000000e0000000, 0x00000000e9580000, 0x0000000100000000)
  eden space 98304K, 100% used [0x00000000e0000000,0x00000000e6000000,0x00000000e6000000)
  from space 7680K, 99% used [0x00000000e8e00000,0x00000000e957dd78,0x00000000e9580000)
  to   space 11776K, 63% used [0x00000000e7e80000,0x00000000e85dc010,0x00000000e8a00000)
 ParOldGen       total 68608K, used 11397K [0x00000000a0000000, 0x00000000a4300000, 0x00000000e0000000)
  object space 68608K, 16% used [0x00000000a0000000,0x00000000a0b21450,0x00000000a4300000)
 Metaspace       used 33993K, capacity 34926K, committed 35200K, reserved 1079296K
  class space    used 4693K, capacity 4885K, committed 4992K, reserved 1048576K
GC Heap History (10 events):
Event: 2.249 GC heap after
Heap after GC invocations=3 (full 0):
 PSYoungGen      total 38400K, used 5097K [0x00000000e0000000, 0x00000000e4b00000, 0x0000000100000000)
  eden space 33280K, 0% used [0x00000000e0000000,0x00000000e0000000,0x00000000e2080000)
  from space 5120K, 99% used [0x00000000e2080000,0x00000000e257a4f8,0x00000000e2580000)
  to   space 5120K, 0% used [0x00000000e4600000,0x00000000e4600000,0x00000000e4b00000)
 ParOldGen       total 87552K, used 2162K [0x00000000a0000000, 0x00000000a5580000, 0x00000000e0000000)
  object space 87552K, 2% used [0x00000000a0000000,0x00000000a021c808,0x00000000a5580000)
 Metaspace       used 13358K, capacity 13772K, committed 14080K, reserved 1060864K
  class space    used 1837K, capacity 1970K, committed 2048K, reserved 1048576K
}
Event: 2.570 GC heap before
{Heap before GC invocations=4 (full 0):
 PSYoungGen      total 38400K, used 38377K [0x00000000e0000000, 0x00000000e4b00000, 0x0000000100000000)
  eden space 33280K, 100% used [0x00000000e0000000,0x00000000e2080000,0x00000000e2080000)
  from space 5120K, 99% used [0x00000000e2080000,0x00000000e257a4f8,0x00000000e2580000)
  to   space 5120K, 0% used [0x00000000e4600000,0x00000000e4600000,0x00000000e4b00000)
 ParOldGen       total 87552K, used 2162K [0x00000000a0000000, 0x00000000a5580000, 0x00000000e0000000)
  object space 87552K, 2% used [0x00000000a0000000,0x00000000a021c808,0x00000000a5580000)
 Metaspace       used 16196K, capacity 16636K, committed 16896K, reserved 1062912K
  class space    used 2299K, capacity 2460K, committed 2560K, reserved 1048576K
Event: 2.580 GC heap after
Heap after GC invocations=4 (full 0):
 PSYoungGen      total 71680K, used 5112K [0x00000000e0000000, 0x00000000e4b00000, 0x0000000100000000)
  eden space 66560K, 0% used [0x00000000e0000000,0x00000000e0000000,0x00000000e4100000)
  from space 5120K, 99% used [0x00000000e4600000,0x00000000e4afe050,0x00000000e4b00000)
  to   space 5120K, 0% used [0x00000000e4100000,0x00000000e4100000,0x00000000e4600000)
 ParOldGen       total 87552K, used 5548K [0x00000000a0000000, 0x00000000a5580000, 0x00000000e0000000)
  object space 87552K, 6% used [0x00000000a0000000,0x00000000a056b3b8,0x00000000a5580000)
 Metaspace       used 16196K, capacity 16636K, committed 16896K, reserved 1062912K
  class space    used 2299K, capacity 2460K, committed 2560K, reserved 1048576K
}
Event: 3.311 GC heap before
{Heap before GC invocations=5 (full 0):
 PSYoungGen      total 71680K, used 52396K [0x00000000e0000000, 0x00000000e4b00000, 0x0000000100000000)
  eden space 66560K, 71% used [0x00000000e0000000,0x00000000e2e2d0c0,0x00000000e4100000)
  from space 5120K, 99% used [0x00000000e4600000,0x00000000e4afe050,0x00000000e4b00000)
  to   space 5120K, 0% used [0x00000000e4100000,0x00000000e4100000,0x00000000e4600000)
 ParOldGen       total 87552K, used 5548K [0x00000000a0000000, 0x00000000a5580000, 0x00000000e0000000)
  object space 87552K, 6% used [0x00000000a0000000,0x00000000a056b3b8,0x00000000a5580000)
 Metaspace       used 20642K, capacity 21124K, committed 21296K, reserved 1067008K
  class space    used 2962K, capacity 3129K, committed 3200K, reserved 1048576K
Event: 3.326 GC heap after
Heap after GC invocations=5 (full 0):
 PSYoungGen      total 71680K, used 5088K [0x00000000e0000000, 0x00000000e9a00000, 0x0000000100000000)
  eden space 66560K, 0% used [0x00000000e0000000,0x00000000e0000000,0x00000000e4100000)
  from space 5120K, 99% used [0x00000000e4100000,0x00000000e45f80d8,0x00000000e4600000)
  to   space 12288K, 0% used [0x00000000e8e00000,0x00000000e8e00000,0x00000000e9a00000)
 ParOldGen       total 87552K, used 11554K [0x00000000a0000000, 0x00000000a5580000, 0x00000000e0000000)
  object space 87552K, 13% used [0x00000000a0000000,0x00000000a0b48830,0x00000000a5580000)
 Metaspace       used 20642K, capacity 21124K, committed 21296K, reserved 1067008K
  class space    used 2962K, capacity 3129K, committed 3200K, reserved 1048576K
}
Event: 3.326 GC heap before
{Heap before GC invocations=6 (full 1):
 PSYoungGen      total 71680K, used 5088K [0x00000000e0000000, 0x00000000e9a00000, 0x0000000100000000)
  eden space 66560K, 0% used [0x00000000e0000000,0x00000000e0000000,0x00000000e4100000)
  from space 5120K, 99% used [0x00000000e4100000,0x00000000e45f80d8,0x00000000e4600000)
  to   space 12288K, 0% used [0x00000000e8e00000,0x00000000e8e00000,0x00000000e9a00000)
 ParOldGen       total 87552K, used 11554K [0x00000000a0000000, 0x00000000a5580000, 0x00000000e0000000)
  object space 87552K, 13% used [0x00000000a0000000,0x00000000a0b48830,0x00000000a5580000)
 Metaspace       used 20642K, capacity 21124K, committed 21296K, reserved 1067008K
  class space    used 2962K, capacity 3129K, committed 3200K, reserved 1048576K
Event: 3.381 GC heap after
Heap after GC invocations=6 (full 1):
 PSYoungGen      total 71680K, used 0K [0x00000000e0000000, 0x00000000e9a00000, 0x0000000100000000)
  eden space 66560K, 0% used [0x00000000e0000000,0x00000000e0000000,0x00000000e4100000)
  from space 5120K, 0% used [0x00000000e4100000,0x00000000e4100000,0x00000000e4600000)
  to   space 12288K, 0% used [0x00000000e8e00000,0x00000000e8e00000,0x00000000e9a00000)
 ParOldGen       total 68608K, used 11381K [0x00000000a0000000, 0x00000000a4300000, 0x00000000e0000000)
  object space 68608K, 16% used [0x00000000a0000000,0x00000000a0b1d450,0x00000000a4300000)
 Metaspace       used 20642K, capacity 21124K, committed 21296K, reserved 1067008K
  class space    used 2962K, capacity 3129K, committed 3200K, reserved 1048576K
}
Event: 4.177 GC heap before
{Heap before GC invocations=7 (full 1):
 PSYoungGen      total 71680K, used 66560K [0x00000000e0000000, 0x00000000e9a00000, 0x0000000100000000)
  eden space 66560K, 100% used [0x00000000e0000000,0x00000000e4100000,0x00000000e4100000)
  from space 5120K, 0% used [0x00000000e4100000,0x00000000e4100000,0x00000000e4600000)
  to   space 12288K, 0% used [0x00000000e8e00000,0x00000000e8e00000,0x00000000e9a00000)
 ParOldGen       total 68608K, used 11381K [0x00000000a0000000, 0x00000000a4300000, 0x00000000e0000000)
  object space 68608K, 16% used [0x00000000a0000000,0x00000000a0b1d450,0x00000000a4300000)
 Metaspace       used 28439K, capacity 29036K, committed 29312K, reserved 1075200K
  class space    used 3916K, capacity 4099K, committed 4224K, reserved 1048576K
Event: 4.185 GC heap after
Heap after GC invocations=7 (full 1):
 PSYoungGen      total 105984K, used 7671K [0x00000000e0000000, 0x00000000e9580000, 0x0000000100000000)
  eden space 98304K, 0% used [0x00000000e0000000,0x00000000e0000000,0x00000000e6000000)
  from space 7680K, 99% used [0x00000000e8e00000,0x00000000e957dd78,0x00000000e9580000)
  to   space 11776K, 0% used [0x00000000e7e80000,0x00000000e7e80000,0x00000000e8a00000)
 ParOldGen       total 68608K, used 11389K [0x00000000a0000000, 0x00000000a4300000, 0x00000000e0000000)
  object space 68608K, 16% used [0x00000000a0000000,0x00000000a0b1f450,0x00000000a4300000)
 Metaspace       used 28439K, capacity 29036K, committed 29312K, reserved 1075200K
  class space    used 3916K, capacity 4099K, committed 4224K, reserved 1048576K
}
Event: 5.484 GC heap before
{Heap before GC invocations=8 (full 1):
 PSYoungGen      total 105984K, used 105975K [0x00000000e0000000, 0x00000000e9580000, 0x0000000100000000)
  eden space 98304K, 100% used [0x00000000e0000000,0x00000000e6000000,0x00000000e6000000)
  from space 7680K, 99% used [0x00000000e8e00000,0x00000000e957dd78,0x00000000e9580000)
  to   space 11776K, 0% used [0x00000000e7e80000,0x00000000e7e80000,0x00000000e8a00000)
 ParOldGen       total 68608K, used 11389K [0x00000000a0000000, 0x00000000a4300000, 0x00000000e0000000)
  object space 68608K, 16% used [0x00000000a0000000,0x00000000a0b1f450,0x00000000a4300000)
 Metaspace       used 33993K, capacity 34926K, committed 35200K, reserved 1079296K
  class space    used 4693K, capacity 4885K, committed 4992K, reserved 1048576K

